<?xml version="1.0" encoding="UTF-8"?>
<testng-results ignored="0" total="1" passed="1" failed="0" skipped="0">
  <reporter-output>
  </reporter-output>
  <suite started-at="2025-03-20T17:34:49 IST" name="Default suite" finished-at="2025-03-20T17:35:03 IST" duration-ms="14057">
    <groups>
    </groups>
    <test started-at="2025-03-20T17:34:49 IST" name="Default test" finished-at="2025-03-20T17:35:03 IST" duration-ms="14057">
      <class name="generic.Reqres_post">
        <test-method signature="post()[pri:0, instance:generic.Reqres_post@8dbdac1]" started-at="2025-03-20T17:34:49 IST" name="post" finished-at="2025-03-20T17:35:03 IST" duration-ms="13879" status="PASS">
          <reporter-output>
          </reporter-output>
        </test-method> <!-- post -->
      </class> <!-- generic.Reqres_post -->
    </test> <!-- Default test -->
  </suite> <!-- Default suite -->
</testng-results>
